"is_built_lib_smt-parser" "true"
"built_lib_smt-parser" "/home/gpietro/PhD/core-r/_build/src/smt/parser/smt-parser.cma"
"built_lib_smt-parser" "/home/gpietro/PhD/core-r/_build/src/smt/parser/smt-parser.cmxa"
"built_lib_smt-parser" "/home/gpietro/PhD/core-r/_build/src/smt/parser/smt-parser.a"
"built_lib_smt-parser" "/home/gpietro/PhD/core-r/_build/src/smt/parser/smt-parser.cmxs"
"built_lib_smt-parser" "/home/gpietro/PhD/core-r/_build/src/smt/parser/smtsyntax.cmi"
"built_lib_smt-parser" "/home/gpietro/PhD/core-r/_build/src/smt/parser/smtsyntax.cmt"
"built_lib_smt-parser" "/home/gpietro/PhD/core-r/_build/src/smt/parser/smtsyntax.annot"
"built_lib_smt-parser" "/home/gpietro/PhD/core-r/_build/src/smt/parser/smtparser.cmi"
"built_lib_smt-parser" "/home/gpietro/PhD/core-r/_build/src/smt/parser/smtparser.cmti"
"built_lib_smt-parser" "/home/gpietro/PhD/core-r/_build/src/smt/parser/smtparser.cmt"
"built_lib_smt-parser" "/home/gpietro/PhD/core-r/_build/src/smt/parser/smtparser.annot"
"built_lib_smt-parser" "/home/gpietro/PhD/core-r/_build/src/smt/parser/smtsyntax.cmx"
"built_lib_smt-parser" "/home/gpietro/PhD/core-r/_build/src/smt/parser/smtparser.cmx"
"is_built_lib_smt" "true"
"built_lib_smt" "/home/gpietro/PhD/core-r/_build/src/smt/smt.cma"
"built_lib_smt" "/home/gpietro/PhD/core-r/_build/src/smt/smt.cmxa"
"built_lib_smt" "/home/gpietro/PhD/core-r/_build/src/smt/smt.a"
"built_lib_smt" "/home/gpietro/PhD/core-r/_build/src/smt/smt.cmxs"
"built_lib_smt" "/home/gpietro/PhD/core-r/_build/src/smt/ismt.cmi"
"built_lib_smt" "/home/gpietro/PhD/core-r/_build/src/smt/ismt.cmt"
"built_lib_smt" "/home/gpietro/PhD/core-r/_build/src/smt/ismt.annot"
"built_lib_smt" "/home/gpietro/PhD/core-r/_build/src/smt/smtutils.cmi"
"built_lib_smt" "/home/gpietro/PhD/core-r/_build/src/smt/smtutils.cmt"
"built_lib_smt" "/home/gpietro/PhD/core-r/_build/src/smt/smtutils.annot"
"built_lib_smt" "/home/gpietro/PhD/core-r/_build/src/smt/solver.cmi"
"built_lib_smt" "/home/gpietro/PhD/core-r/_build/src/smt/solver.cmt"
"built_lib_smt" "/home/gpietro/PhD/core-r/_build/src/smt/solver.annot"
"built_lib_smt" "/home/gpietro/PhD/core-r/_build/src/smt/smt2.cmi"
"built_lib_smt" "/home/gpietro/PhD/core-r/_build/src/smt/smt2.cmt"
"built_lib_smt" "/home/gpietro/PhD/core-r/_build/src/smt/smt2.annot"
"built_lib_smt" "/home/gpietro/PhD/core-r/_build/src/smt/ismt.cmx"
"built_lib_smt" "/home/gpietro/PhD/core-r/_build/src/smt/smtutils.cmx"
"built_lib_smt" "/home/gpietro/PhD/core-r/_build/src/smt/solver.cmx"
"built_lib_smt" "/home/gpietro/PhD/core-r/_build/src/smt/smt2.cmx"
"is_built_lib_parser" "true"
"built_lib_parser" "/home/gpietro/PhD/core-r/_build/src/parser/parser.cma"
"built_lib_parser" "/home/gpietro/PhD/core-r/_build/src/parser/parser.cmxa"
"built_lib_parser" "/home/gpietro/PhD/core-r/_build/src/parser/parser.a"
"built_lib_parser" "/home/gpietro/PhD/core-r/_build/src/parser/parser.cmxs"
"built_lib_parser" "/home/gpietro/PhD/core-r/_build/src/parser/rast.cmi"
"built_lib_parser" "/home/gpietro/PhD/core-r/_build/src/parser/rast.cmt"
"built_lib_parser" "/home/gpietro/PhD/core-r/_build/src/parser/rast.annot"
"built_lib_parser" "/home/gpietro/PhD/core-r/_build/src/parser/parser.cmi"
"built_lib_parser" "/home/gpietro/PhD/core-r/_build/src/parser/parser.cmti"
"built_lib_parser" "/home/gpietro/PhD/core-r/_build/src/parser/parser.cmt"
"built_lib_parser" "/home/gpietro/PhD/core-r/_build/src/parser/parser.annot"
"built_lib_parser" "/home/gpietro/PhD/core-r/_build/src/parser/rast.cmx"
"built_lib_parser" "/home/gpietro/PhD/core-r/_build/src/parser/parser.cmx"
"is_built_exec_absyn_generator" "true"
"built_exec_absyn_generator" "/home/gpietro/PhD/core-r/_build/src/parser/absyn_generator.byte"
"is_built_lib_language" "true"
"built_lib_language" "/home/gpietro/PhD/core-r/_build/src/language/language.cma"
"built_lib_language" "/home/gpietro/PhD/core-r/_build/src/language/language.cmxa"
"built_lib_language" "/home/gpietro/PhD/core-r/_build/src/language/language.a"
"built_lib_language" "/home/gpietro/PhD/core-r/_build/src/language/language.cmxs"
"built_lib_language" "/home/gpietro/PhD/core-r/_build/src/language/langutils.cmi"
"built_lib_language" "/home/gpietro/PhD/core-r/_build/src/language/langutils.cmt"
"built_lib_language" "/home/gpietro/PhD/core-r/_build/src/language/langutils.annot"
"built_lib_language" "/home/gpietro/PhD/core-r/_build/src/language/annotations.cmi"
"built_lib_language" "/home/gpietro/PhD/core-r/_build/src/language/annotations.cmt"
"built_lib_language" "/home/gpietro/PhD/core-r/_build/src/language/annotations.annot"
"built_lib_language" "/home/gpietro/PhD/core-r/_build/src/language/syntax.cmi"
"built_lib_language" "/home/gpietro/PhD/core-r/_build/src/language/syntax.cmt"
"built_lib_language" "/home/gpietro/PhD/core-r/_build/src/language/syntax.annot"
"built_lib_language" "/home/gpietro/PhD/core-r/_build/src/language/langutils.cmx"
"built_lib_language" "/home/gpietro/PhD/core-r/_build/src/language/annotations.cmx"
"built_lib_language" "/home/gpietro/PhD/core-r/_build/src/language/syntax.cmx"
"is_built_lib_interp-commons" "true"
"built_lib_interp-commons" "/home/gpietro/PhD/core-r/_build/src/interpreter/interp-commons/interp-commons.cma"
"built_lib_interp-commons" "/home/gpietro/PhD/core-r/_build/src/interpreter/interp-commons/interp-commons.cmxa"
"built_lib_interp-commons" "/home/gpietro/PhD/core-r/_build/src/interpreter/interp-commons/interp-commons.a"
"built_lib_interp-commons" "/home/gpietro/PhD/core-r/_build/src/interpreter/interp-commons/interp-commons.cmxs"
"built_lib_interp-commons" "/home/gpietro/PhD/core-r/_build/src/interpreter/interp-commons/interputils.cmi"
"built_lib_interp-commons" "/home/gpietro/PhD/core-r/_build/src/interpreter/interp-commons/interputils.cmt"
"built_lib_interp-commons" "/home/gpietro/PhD/core-r/_build/src/interpreter/interp-commons/interputils.annot"
"built_lib_interp-commons" "/home/gpietro/PhD/core-r/_build/src/interpreter/interp-commons/smttrans.cmi"
"built_lib_interp-commons" "/home/gpietro/PhD/core-r/_build/src/interpreter/interp-commons/smttrans.cmt"
"built_lib_interp-commons" "/home/gpietro/PhD/core-r/_build/src/interpreter/interp-commons/smttrans.annot"
"built_lib_interp-commons" "/home/gpietro/PhD/core-r/_build/src/interpreter/interp-commons/natives.cmi"
"built_lib_interp-commons" "/home/gpietro/PhD/core-r/_build/src/interpreter/interp-commons/natives.cmt"
"built_lib_interp-commons" "/home/gpietro/PhD/core-r/_build/src/interpreter/interp-commons/natives.annot"
"built_lib_interp-commons" "/home/gpietro/PhD/core-r/_build/src/interpreter/interp-commons/support.cmi"
"built_lib_interp-commons" "/home/gpietro/PhD/core-r/_build/src/interpreter/interp-commons/support.cmt"
"built_lib_interp-commons" "/home/gpietro/PhD/core-r/_build/src/interpreter/interp-commons/support.annot"
"built_lib_interp-commons" "/home/gpietro/PhD/core-r/_build/src/interpreter/interp-commons/rules.cmi"
"built_lib_interp-commons" "/home/gpietro/PhD/core-r/_build/src/interpreter/interp-commons/rules.cmt"
"built_lib_interp-commons" "/home/gpietro/PhD/core-r/_build/src/interpreter/interp-commons/rules.annot"
"built_lib_interp-commons" "/home/gpietro/PhD/core-r/_build/src/interpreter/interp-commons/interputils.cmx"
"built_lib_interp-commons" "/home/gpietro/PhD/core-r/_build/src/interpreter/interp-commons/smttrans.cmx"
"built_lib_interp-commons" "/home/gpietro/PhD/core-r/_build/src/interpreter/interp-commons/natives.cmx"
"built_lib_interp-commons" "/home/gpietro/PhD/core-r/_build/src/interpreter/interp-commons/support.cmx"
"built_lib_interp-commons" "/home/gpietro/PhD/core-r/_build/src/interpreter/interp-commons/rules.cmx"
"is_built_lib_natives" "true"
"built_lib_natives" "/home/gpietro/PhD/core-r/_build/src/interpreter/natives/natives.cma"
"built_lib_natives" "/home/gpietro/PhD/core-r/_build/src/interpreter/natives/natives.cmxa"
"built_lib_natives" "/home/gpietro/PhD/core-r/_build/src/interpreter/natives/natives.a"
"built_lib_natives" "/home/gpietro/PhD/core-r/_build/src/interpreter/natives/natives.cmxs"
"built_lib_natives" "/home/gpietro/PhD/core-r/_build/src/interpreter/natives/convert.cmi"
"built_lib_natives" "/home/gpietro/PhD/core-r/_build/src/interpreter/natives/convert.cmt"
"built_lib_natives" "/home/gpietro/PhD/core-r/_build/src/interpreter/natives/convert.annot"
"built_lib_natives" "/home/gpietro/PhD/core-r/_build/src/interpreter/natives/symbolic_ops.cmi"
"built_lib_natives" "/home/gpietro/PhD/core-r/_build/src/interpreter/natives/symbolic_ops.cmt"
"built_lib_natives" "/home/gpietro/PhD/core-r/_build/src/interpreter/natives/symbolic_ops.annot"
"built_lib_natives" "/home/gpietro/PhD/core-r/_build/src/interpreter/natives/arithmetic.cmi"
"built_lib_natives" "/home/gpietro/PhD/core-r/_build/src/interpreter/natives/arithmetic.cmt"
"built_lib_natives" "/home/gpietro/PhD/core-r/_build/src/interpreter/natives/arithmetic.annot"
"built_lib_natives" "/home/gpietro/PhD/core-r/_build/src/interpreter/natives/native_calls.cmi"
"built_lib_natives" "/home/gpietro/PhD/core-r/_build/src/interpreter/natives/native_calls.cmt"
"built_lib_natives" "/home/gpietro/PhD/core-r/_build/src/interpreter/natives/native_calls.annot"
"built_lib_natives" "/home/gpietro/PhD/core-r/_build/src/interpreter/natives/subscript.cmi"
"built_lib_natives" "/home/gpietro/PhD/core-r/_build/src/interpreter/natives/subscript.cmt"
"built_lib_natives" "/home/gpietro/PhD/core-r/_build/src/interpreter/natives/subscript.annot"
"built_lib_natives" "/home/gpietro/PhD/core-r/_build/src/interpreter/natives/native_support.cmi"
"built_lib_natives" "/home/gpietro/PhD/core-r/_build/src/interpreter/natives/native_support.cmt"
"built_lib_natives" "/home/gpietro/PhD/core-r/_build/src/interpreter/natives/native_support.annot"
"built_lib_natives" "/home/gpietro/PhD/core-r/_build/src/interpreter/natives/vector.cmi"
"built_lib_natives" "/home/gpietro/PhD/core-r/_build/src/interpreter/natives/vector.cmt"
"built_lib_natives" "/home/gpietro/PhD/core-r/_build/src/interpreter/natives/vector.annot"
"built_lib_natives" "/home/gpietro/PhD/core-r/_build/src/interpreter/natives/copy.cmi"
"built_lib_natives" "/home/gpietro/PhD/core-r/_build/src/interpreter/natives/copy.cmt"
"built_lib_natives" "/home/gpietro/PhD/core-r/_build/src/interpreter/natives/copy.annot"
"built_lib_natives" "/home/gpietro/PhD/core-r/_build/src/interpreter/natives/constants.cmi"
"built_lib_natives" "/home/gpietro/PhD/core-r/_build/src/interpreter/natives/constants.cmt"
"built_lib_natives" "/home/gpietro/PhD/core-r/_build/src/interpreter/natives/constants.annot"
"built_lib_natives" "/home/gpietro/PhD/core-r/_build/src/interpreter/natives/convert.cmx"
"built_lib_natives" "/home/gpietro/PhD/core-r/_build/src/interpreter/natives/symbolic_ops.cmx"
"built_lib_natives" "/home/gpietro/PhD/core-r/_build/src/interpreter/natives/arithmetic.cmx"
"built_lib_natives" "/home/gpietro/PhD/core-r/_build/src/interpreter/natives/native_calls.cmx"
"built_lib_natives" "/home/gpietro/PhD/core-r/_build/src/interpreter/natives/subscript.cmx"
"built_lib_natives" "/home/gpietro/PhD/core-r/_build/src/interpreter/natives/native_support.cmx"
"built_lib_natives" "/home/gpietro/PhD/core-r/_build/src/interpreter/natives/vector.cmx"
"built_lib_natives" "/home/gpietro/PhD/core-r/_build/src/interpreter/natives/copy.cmx"
"built_lib_natives" "/home/gpietro/PhD/core-r/_build/src/interpreter/natives/constants.cmx"
"is_built_lib_loader" "true"
"built_lib_loader" "/home/gpietro/PhD/core-r/_build/src/interpreter/preprocess/loader.cma"
"built_lib_loader" "/home/gpietro/PhD/core-r/_build/src/interpreter/preprocess/loader.cmxa"
"built_lib_loader" "/home/gpietro/PhD/core-r/_build/src/interpreter/preprocess/loader.a"
"built_lib_loader" "/home/gpietro/PhD/core-r/_build/src/interpreter/preprocess/loader.cmxs"
"built_lib_loader" "/home/gpietro/PhD/core-r/_build/src/interpreter/preprocess/rast_to_language.cmi"
"built_lib_loader" "/home/gpietro/PhD/core-r/_build/src/interpreter/preprocess/rast_to_language.cmt"
"built_lib_loader" "/home/gpietro/PhD/core-r/_build/src/interpreter/preprocess/rast_to_language.annot"
"built_lib_loader" "/home/gpietro/PhD/core-r/_build/src/interpreter/preprocess/loader.cmi"
"built_lib_loader" "/home/gpietro/PhD/core-r/_build/src/interpreter/preprocess/loader.cmt"
"built_lib_loader" "/home/gpietro/PhD/core-r/_build/src/interpreter/preprocess/loader.annot"
"built_lib_loader" "/home/gpietro/PhD/core-r/_build/src/interpreter/preprocess/rast_to_language.cmx"
"built_lib_loader" "/home/gpietro/PhD/core-r/_build/src/interpreter/preprocess/loader.cmx"
"is_built_lib_stepper" "true"
"built_lib_stepper" "/home/gpietro/PhD/core-r/_build/src/interpreter/stepper/stepper.cma"
"built_lib_stepper" "/home/gpietro/PhD/core-r/_build/src/interpreter/stepper/stepper.cmxa"
"built_lib_stepper" "/home/gpietro/PhD/core-r/_build/src/interpreter/stepper/stepper.a"
"built_lib_stepper" "/home/gpietro/PhD/core-r/_build/src/interpreter/stepper/stepper.cmxs"
"built_lib_stepper" "/home/gpietro/PhD/core-r/_build/src/interpreter/stepper/stepper.cmi"
"built_lib_stepper" "/home/gpietro/PhD/core-r/_build/src/interpreter/stepper/stepper.cmt"
"built_lib_stepper" "/home/gpietro/PhD/core-r/_build/src/interpreter/stepper/stepper.annot"
"built_lib_stepper" "/home/gpietro/PhD/core-r/_build/src/interpreter/stepper/stepper.cmx"
"is_built_lib_interpreter" "true"
"built_lib_interpreter" "/home/gpietro/PhD/core-r/_build/src/interpreter/interpreter.cma"
"built_lib_interpreter" "/home/gpietro/PhD/core-r/_build/src/interpreter/interpreter.cmxa"
"built_lib_interpreter" "/home/gpietro/PhD/core-r/_build/src/interpreter/interpreter.a"
"built_lib_interpreter" "/home/gpietro/PhD/core-r/_build/src/interpreter/interpreter.cmxs"
"built_lib_interpreter" "/home/gpietro/PhD/core-r/_build/src/interpreter/engine.cmi"
"built_lib_interpreter" "/home/gpietro/PhD/core-r/_build/src/interpreter/engine.cmt"
"built_lib_interpreter" "/home/gpietro/PhD/core-r/_build/src/interpreter/engine.annot"
"built_lib_interpreter" "/home/gpietro/PhD/core-r/_build/src/interpreter/engine.cmx"
"is_built_exec_main" "true"
"built_exec_main" "/home/gpietro/PhD/core-r/_build/src/main.byte"
"is_built_lib_ounit" "true"
"built_lib_ounit" "/home/gpietro/PhD/core-r/_build/test/ounit/ounit.cma"
"built_lib_ounit" "/home/gpietro/PhD/core-r/_build/test/ounit/ounit.cmxa"
"built_lib_ounit" "/home/gpietro/PhD/core-r/_build/test/ounit/ounit.a"
"built_lib_ounit" "/home/gpietro/PhD/core-r/_build/test/ounit/ounit.cmxs"
"built_lib_ounit" "/home/gpietro/PhD/core-r/_build/test/ounit/oUnitChooser.cmi"
"built_lib_ounit" "/home/gpietro/PhD/core-r/_build/test/ounit/oUnitChooser.cmt"
"built_lib_ounit" "/home/gpietro/PhD/core-r/_build/test/ounit/oUnitChooser.annot"
"built_lib_ounit" "/home/gpietro/PhD/core-r/_build/test/ounit/oUnitLogger.cmi"
"built_lib_ounit" "/home/gpietro/PhD/core-r/_build/test/ounit/oUnitLogger.cmt"
"built_lib_ounit" "/home/gpietro/PhD/core-r/_build/test/ounit/oUnitLogger.annot"
"built_lib_ounit" "/home/gpietro/PhD/core-r/_build/test/ounit/oUnitUtils.cmi"
"built_lib_ounit" "/home/gpietro/PhD/core-r/_build/test/ounit/oUnitUtils.cmt"
"built_lib_ounit" "/home/gpietro/PhD/core-r/_build/test/ounit/oUnitUtils.annot"
"built_lib_ounit" "/home/gpietro/PhD/core-r/_build/test/ounit/oUnitTypes.cmi"
"built_lib_ounit" "/home/gpietro/PhD/core-r/_build/test/ounit/oUnitTypes.cmt"
"built_lib_ounit" "/home/gpietro/PhD/core-r/_build/test/ounit/oUnitTypes.annot"
"built_lib_ounit" "/home/gpietro/PhD/core-r/_build/test/ounit/oUnit.cmi"
"built_lib_ounit" "/home/gpietro/PhD/core-r/_build/test/ounit/oUnit.cmt"
"built_lib_ounit" "/home/gpietro/PhD/core-r/_build/test/ounit/oUnit.annot"
"built_lib_ounit" "/home/gpietro/PhD/core-r/_build/test/ounit/oUnitChooser.cmx"
"built_lib_ounit" "/home/gpietro/PhD/core-r/_build/test/ounit/oUnitLogger.cmx"
"built_lib_ounit" "/home/gpietro/PhD/core-r/_build/test/ounit/oUnitUtils.cmx"
"built_lib_ounit" "/home/gpietro/PhD/core-r/_build/test/ounit/oUnitTypes.cmx"
"built_lib_ounit" "/home/gpietro/PhD/core-r/_build/test/ounit/oUnit.cmx"
"is_built_exec_testytesty" "true"
"built_exec_testytesty" "/home/gpietro/PhD/core-r/_build/test/test.byte"
"is_built_lib_smt-parser" "true"
"built_lib_smt-parser" "/home/gpietro/PhD/core-r/_build/src/smt/parser/smt-parser.cma"
"built_lib_smt-parser" "/home/gpietro/PhD/core-r/_build/src/smt/parser/smt-parser.cmxa"
"built_lib_smt-parser" "/home/gpietro/PhD/core-r/_build/src/smt/parser/smt-parser.a"
"built_lib_smt-parser" "/home/gpietro/PhD/core-r/_build/src/smt/parser/smt-parser.cmxs"
"built_lib_smt-parser" "/home/gpietro/PhD/core-r/_build/src/smt/parser/smtsyntax.cmi"
"built_lib_smt-parser" "/home/gpietro/PhD/core-r/_build/src/smt/parser/smtsyntax.cmt"
"built_lib_smt-parser" "/home/gpietro/PhD/core-r/_build/src/smt/parser/smtsyntax.annot"
"built_lib_smt-parser" "/home/gpietro/PhD/core-r/_build/src/smt/parser/smtparser.cmi"
"built_lib_smt-parser" "/home/gpietro/PhD/core-r/_build/src/smt/parser/smtparser.cmti"
"built_lib_smt-parser" "/home/gpietro/PhD/core-r/_build/src/smt/parser/smtparser.cmt"
"built_lib_smt-parser" "/home/gpietro/PhD/core-r/_build/src/smt/parser/smtparser.annot"
"built_lib_smt-parser" "/home/gpietro/PhD/core-r/_build/src/smt/parser/smtsyntax.cmx"
"built_lib_smt-parser" "/home/gpietro/PhD/core-r/_build/src/smt/parser/smtparser.cmx"
"is_built_lib_smt" "true"
"built_lib_smt" "/home/gpietro/PhD/core-r/_build/src/smt/smt.cma"
"built_lib_smt" "/home/gpietro/PhD/core-r/_build/src/smt/smt.cmxa"
"built_lib_smt" "/home/gpietro/PhD/core-r/_build/src/smt/smt.a"
"built_lib_smt" "/home/gpietro/PhD/core-r/_build/src/smt/smt.cmxs"
"built_lib_smt" "/home/gpietro/PhD/core-r/_build/src/smt/ismt.cmi"
"built_lib_smt" "/home/gpietro/PhD/core-r/_build/src/smt/ismt.cmt"
"built_lib_smt" "/home/gpietro/PhD/core-r/_build/src/smt/ismt.annot"
"built_lib_smt" "/home/gpietro/PhD/core-r/_build/src/smt/smtutils.cmi"
"built_lib_smt" "/home/gpietro/PhD/core-r/_build/src/smt/smtutils.cmt"
"built_lib_smt" "/home/gpietro/PhD/core-r/_build/src/smt/smtutils.annot"
"built_lib_smt" "/home/gpietro/PhD/core-r/_build/src/smt/solver.cmi"
"built_lib_smt" "/home/gpietro/PhD/core-r/_build/src/smt/solver.cmt"
"built_lib_smt" "/home/gpietro/PhD/core-r/_build/src/smt/solver.annot"
"built_lib_smt" "/home/gpietro/PhD/core-r/_build/src/smt/smt2.cmi"
"built_lib_smt" "/home/gpietro/PhD/core-r/_build/src/smt/smt2.cmt"
"built_lib_smt" "/home/gpietro/PhD/core-r/_build/src/smt/smt2.annot"
"built_lib_smt" "/home/gpietro/PhD/core-r/_build/src/smt/ismt.cmx"
"built_lib_smt" "/home/gpietro/PhD/core-r/_build/src/smt/smtutils.cmx"
"built_lib_smt" "/home/gpietro/PhD/core-r/_build/src/smt/solver.cmx"
"built_lib_smt" "/home/gpietro/PhD/core-r/_build/src/smt/smt2.cmx"
"is_built_lib_parser" "true"
"built_lib_parser" "/home/gpietro/PhD/core-r/_build/src/parser/parser.cma"
"built_lib_parser" "/home/gpietro/PhD/core-r/_build/src/parser/parser.cmxa"
"built_lib_parser" "/home/gpietro/PhD/core-r/_build/src/parser/parser.a"
"built_lib_parser" "/home/gpietro/PhD/core-r/_build/src/parser/parser.cmxs"
"built_lib_parser" "/home/gpietro/PhD/core-r/_build/src/parser/rast.cmi"
"built_lib_parser" "/home/gpietro/PhD/core-r/_build/src/parser/rast.cmt"
"built_lib_parser" "/home/gpietro/PhD/core-r/_build/src/parser/rast.annot"
"built_lib_parser" "/home/gpietro/PhD/core-r/_build/src/parser/parser.cmi"
"built_lib_parser" "/home/gpietro/PhD/core-r/_build/src/parser/parser.cmti"
"built_lib_parser" "/home/gpietro/PhD/core-r/_build/src/parser/parser.cmt"
"built_lib_parser" "/home/gpietro/PhD/core-r/_build/src/parser/parser.annot"
"built_lib_parser" "/home/gpietro/PhD/core-r/_build/src/parser/rast.cmx"
"built_lib_parser" "/home/gpietro/PhD/core-r/_build/src/parser/parser.cmx"
"is_built_exec_absyn_generator" "true"
"built_exec_absyn_generator" "/home/gpietro/PhD/core-r/_build/src/parser/absyn_generator.byte"
"is_built_lib_language" "true"
"built_lib_language" "/home/gpietro/PhD/core-r/_build/src/language/language.cma"
"built_lib_language" "/home/gpietro/PhD/core-r/_build/src/language/language.cmxa"
"built_lib_language" "/home/gpietro/PhD/core-r/_build/src/language/language.a"
"built_lib_language" "/home/gpietro/PhD/core-r/_build/src/language/language.cmxs"
"built_lib_language" "/home/gpietro/PhD/core-r/_build/src/language/langutils.cmi"
"built_lib_language" "/home/gpietro/PhD/core-r/_build/src/language/langutils.cmt"
"built_lib_language" "/home/gpietro/PhD/core-r/_build/src/language/langutils.annot"
"built_lib_language" "/home/gpietro/PhD/core-r/_build/src/language/annotations.cmi"
"built_lib_language" "/home/gpietro/PhD/core-r/_build/src/language/annotations.cmt"
"built_lib_language" "/home/gpietro/PhD/core-r/_build/src/language/annotations.annot"
"built_lib_language" "/home/gpietro/PhD/core-r/_build/src/language/syntax.cmi"
"built_lib_language" "/home/gpietro/PhD/core-r/_build/src/language/syntax.cmt"
"built_lib_language" "/home/gpietro/PhD/core-r/_build/src/language/syntax.annot"
"built_lib_language" "/home/gpietro/PhD/core-r/_build/src/language/langutils.cmx"
"built_lib_language" "/home/gpietro/PhD/core-r/_build/src/language/annotations.cmx"
"built_lib_language" "/home/gpietro/PhD/core-r/_build/src/language/syntax.cmx"
"is_built_lib_interp-commons" "true"
"built_lib_interp-commons" "/home/gpietro/PhD/core-r/_build/src/interpreter/interp-commons/interp-commons.cma"
"built_lib_interp-commons" "/home/gpietro/PhD/core-r/_build/src/interpreter/interp-commons/interp-commons.cmxa"
"built_lib_interp-commons" "/home/gpietro/PhD/core-r/_build/src/interpreter/interp-commons/interp-commons.a"
"built_lib_interp-commons" "/home/gpietro/PhD/core-r/_build/src/interpreter/interp-commons/interp-commons.cmxs"
"built_lib_interp-commons" "/home/gpietro/PhD/core-r/_build/src/interpreter/interp-commons/interputils.cmi"
"built_lib_interp-commons" "/home/gpietro/PhD/core-r/_build/src/interpreter/interp-commons/interputils.cmt"
"built_lib_interp-commons" "/home/gpietro/PhD/core-r/_build/src/interpreter/interp-commons/interputils.annot"
"built_lib_interp-commons" "/home/gpietro/PhD/core-r/_build/src/interpreter/interp-commons/smttrans.cmi"
"built_lib_interp-commons" "/home/gpietro/PhD/core-r/_build/src/interpreter/interp-commons/smttrans.cmt"
"built_lib_interp-commons" "/home/gpietro/PhD/core-r/_build/src/interpreter/interp-commons/smttrans.annot"
"built_lib_interp-commons" "/home/gpietro/PhD/core-r/_build/src/interpreter/interp-commons/natives.cmi"
"built_lib_interp-commons" "/home/gpietro/PhD/core-r/_build/src/interpreter/interp-commons/natives.cmt"
"built_lib_interp-commons" "/home/gpietro/PhD/core-r/_build/src/interpreter/interp-commons/natives.annot"
"built_lib_interp-commons" "/home/gpietro/PhD/core-r/_build/src/interpreter/interp-commons/support.cmi"
"built_lib_interp-commons" "/home/gpietro/PhD/core-r/_build/src/interpreter/interp-commons/support.cmt"
"built_lib_interp-commons" "/home/gpietro/PhD/core-r/_build/src/interpreter/interp-commons/support.annot"
"built_lib_interp-commons" "/home/gpietro/PhD/core-r/_build/src/interpreter/interp-commons/rules.cmi"
"built_lib_interp-commons" "/home/gpietro/PhD/core-r/_build/src/interpreter/interp-commons/rules.cmt"
"built_lib_interp-commons" "/home/gpietro/PhD/core-r/_build/src/interpreter/interp-commons/rules.annot"
"built_lib_interp-commons" "/home/gpietro/PhD/core-r/_build/src/interpreter/interp-commons/interputils.cmx"
"built_lib_interp-commons" "/home/gpietro/PhD/core-r/_build/src/interpreter/interp-commons/smttrans.cmx"
"built_lib_interp-commons" "/home/gpietro/PhD/core-r/_build/src/interpreter/interp-commons/natives.cmx"
"built_lib_interp-commons" "/home/gpietro/PhD/core-r/_build/src/interpreter/interp-commons/support.cmx"
"built_lib_interp-commons" "/home/gpietro/PhD/core-r/_build/src/interpreter/interp-commons/rules.cmx"
"is_built_lib_natives" "true"
"built_lib_natives" "/home/gpietro/PhD/core-r/_build/src/interpreter/natives/natives.cma"
"built_lib_natives" "/home/gpietro/PhD/core-r/_build/src/interpreter/natives/natives.cmxa"
"built_lib_natives" "/home/gpietro/PhD/core-r/_build/src/interpreter/natives/natives.a"
"built_lib_natives" "/home/gpietro/PhD/core-r/_build/src/interpreter/natives/natives.cmxs"
"built_lib_natives" "/home/gpietro/PhD/core-r/_build/src/interpreter/natives/convert.cmi"
"built_lib_natives" "/home/gpietro/PhD/core-r/_build/src/interpreter/natives/convert.cmt"
"built_lib_natives" "/home/gpietro/PhD/core-r/_build/src/interpreter/natives/convert.annot"
"built_lib_natives" "/home/gpietro/PhD/core-r/_build/src/interpreter/natives/symbolic_ops.cmi"
"built_lib_natives" "/home/gpietro/PhD/core-r/_build/src/interpreter/natives/symbolic_ops.cmt"
"built_lib_natives" "/home/gpietro/PhD/core-r/_build/src/interpreter/natives/symbolic_ops.annot"
"built_lib_natives" "/home/gpietro/PhD/core-r/_build/src/interpreter/natives/arithmetic.cmi"
"built_lib_natives" "/home/gpietro/PhD/core-r/_build/src/interpreter/natives/arithmetic.cmt"
"built_lib_natives" "/home/gpietro/PhD/core-r/_build/src/interpreter/natives/arithmetic.annot"
"built_lib_natives" "/home/gpietro/PhD/core-r/_build/src/interpreter/natives/native_calls.cmi"
"built_lib_natives" "/home/gpietro/PhD/core-r/_build/src/interpreter/natives/native_calls.cmt"
"built_lib_natives" "/home/gpietro/PhD/core-r/_build/src/interpreter/natives/native_calls.annot"
"built_lib_natives" "/home/gpietro/PhD/core-r/_build/src/interpreter/natives/subscript.cmi"
"built_lib_natives" "/home/gpietro/PhD/core-r/_build/src/interpreter/natives/subscript.cmt"
"built_lib_natives" "/home/gpietro/PhD/core-r/_build/src/interpreter/natives/subscript.annot"
"built_lib_natives" "/home/gpietro/PhD/core-r/_build/src/interpreter/natives/native_support.cmi"
"built_lib_natives" "/home/gpietro/PhD/core-r/_build/src/interpreter/natives/native_support.cmt"
"built_lib_natives" "/home/gpietro/PhD/core-r/_build/src/interpreter/natives/native_support.annot"
"built_lib_natives" "/home/gpietro/PhD/core-r/_build/src/interpreter/natives/vector.cmi"
"built_lib_natives" "/home/gpietro/PhD/core-r/_build/src/interpreter/natives/vector.cmt"
"built_lib_natives" "/home/gpietro/PhD/core-r/_build/src/interpreter/natives/vector.annot"
"built_lib_natives" "/home/gpietro/PhD/core-r/_build/src/interpreter/natives/copy.cmi"
"built_lib_natives" "/home/gpietro/PhD/core-r/_build/src/interpreter/natives/copy.cmt"
"built_lib_natives" "/home/gpietro/PhD/core-r/_build/src/interpreter/natives/copy.annot"
"built_lib_natives" "/home/gpietro/PhD/core-r/_build/src/interpreter/natives/constants.cmi"
"built_lib_natives" "/home/gpietro/PhD/core-r/_build/src/interpreter/natives/constants.cmt"
"built_lib_natives" "/home/gpietro/PhD/core-r/_build/src/interpreter/natives/constants.annot"
"built_lib_natives" "/home/gpietro/PhD/core-r/_build/src/interpreter/natives/convert.cmx"
"built_lib_natives" "/home/gpietro/PhD/core-r/_build/src/interpreter/natives/symbolic_ops.cmx"
"built_lib_natives" "/home/gpietro/PhD/core-r/_build/src/interpreter/natives/arithmetic.cmx"
"built_lib_natives" "/home/gpietro/PhD/core-r/_build/src/interpreter/natives/native_calls.cmx"
"built_lib_natives" "/home/gpietro/PhD/core-r/_build/src/interpreter/natives/subscript.cmx"
"built_lib_natives" "/home/gpietro/PhD/core-r/_build/src/interpreter/natives/native_support.cmx"
"built_lib_natives" "/home/gpietro/PhD/core-r/_build/src/interpreter/natives/vector.cmx"
"built_lib_natives" "/home/gpietro/PhD/core-r/_build/src/interpreter/natives/copy.cmx"
"built_lib_natives" "/home/gpietro/PhD/core-r/_build/src/interpreter/natives/constants.cmx"
"is_built_lib_loader" "true"
"built_lib_loader" "/home/gpietro/PhD/core-r/_build/src/interpreter/preprocess/loader.cma"
"built_lib_loader" "/home/gpietro/PhD/core-r/_build/src/interpreter/preprocess/loader.cmxa"
"built_lib_loader" "/home/gpietro/PhD/core-r/_build/src/interpreter/preprocess/loader.a"
"built_lib_loader" "/home/gpietro/PhD/core-r/_build/src/interpreter/preprocess/loader.cmxs"
"built_lib_loader" "/home/gpietro/PhD/core-r/_build/src/interpreter/preprocess/rast_to_language.cmi"
"built_lib_loader" "/home/gpietro/PhD/core-r/_build/src/interpreter/preprocess/rast_to_language.cmt"
"built_lib_loader" "/home/gpietro/PhD/core-r/_build/src/interpreter/preprocess/rast_to_language.annot"
"built_lib_loader" "/home/gpietro/PhD/core-r/_build/src/interpreter/preprocess/loader.cmi"
"built_lib_loader" "/home/gpietro/PhD/core-r/_build/src/interpreter/preprocess/loader.cmt"
"built_lib_loader" "/home/gpietro/PhD/core-r/_build/src/interpreter/preprocess/loader.annot"
"built_lib_loader" "/home/gpietro/PhD/core-r/_build/src/interpreter/preprocess/rast_to_language.cmx"
"built_lib_loader" "/home/gpietro/PhD/core-r/_build/src/interpreter/preprocess/loader.cmx"
"is_built_lib_stepper" "true"
"built_lib_stepper" "/home/gpietro/PhD/core-r/_build/src/interpreter/stepper/stepper.cma"
"built_lib_stepper" "/home/gpietro/PhD/core-r/_build/src/interpreter/stepper/stepper.cmxa"
"built_lib_stepper" "/home/gpietro/PhD/core-r/_build/src/interpreter/stepper/stepper.a"
"built_lib_stepper" "/home/gpietro/PhD/core-r/_build/src/interpreter/stepper/stepper.cmxs"
"built_lib_stepper" "/home/gpietro/PhD/core-r/_build/src/interpreter/stepper/stepper.cmi"
"built_lib_stepper" "/home/gpietro/PhD/core-r/_build/src/interpreter/stepper/stepper.cmt"
"built_lib_stepper" "/home/gpietro/PhD/core-r/_build/src/interpreter/stepper/stepper.annot"
"built_lib_stepper" "/home/gpietro/PhD/core-r/_build/src/interpreter/stepper/stepper.cmx"
"is_built_lib_interpreter" "true"
"built_lib_interpreter" "/home/gpietro/PhD/core-r/_build/src/interpreter/interpreter.cma"
"built_lib_interpreter" "/home/gpietro/PhD/core-r/_build/src/interpreter/interpreter.cmxa"
"built_lib_interpreter" "/home/gpietro/PhD/core-r/_build/src/interpreter/interpreter.a"
"built_lib_interpreter" "/home/gpietro/PhD/core-r/_build/src/interpreter/interpreter.cmxs"
"built_lib_interpreter" "/home/gpietro/PhD/core-r/_build/src/interpreter/engine.cmi"
"built_lib_interpreter" "/home/gpietro/PhD/core-r/_build/src/interpreter/engine.cmt"
"built_lib_interpreter" "/home/gpietro/PhD/core-r/_build/src/interpreter/engine.annot"
"built_lib_interpreter" "/home/gpietro/PhD/core-r/_build/src/interpreter/engine.cmx"
"is_built_exec_main" "true"
"built_exec_main" "/home/gpietro/PhD/core-r/_build/src/main.byte"
"is_built_lib_ounit" "true"
"built_lib_ounit" "/home/gpietro/PhD/core-r/_build/test/ounit/ounit.cma"
"built_lib_ounit" "/home/gpietro/PhD/core-r/_build/test/ounit/ounit.cmxa"
"built_lib_ounit" "/home/gpietro/PhD/core-r/_build/test/ounit/ounit.a"
"built_lib_ounit" "/home/gpietro/PhD/core-r/_build/test/ounit/ounit.cmxs"
"built_lib_ounit" "/home/gpietro/PhD/core-r/_build/test/ounit/oUnitChooser.cmi"
"built_lib_ounit" "/home/gpietro/PhD/core-r/_build/test/ounit/oUnitChooser.cmt"
"built_lib_ounit" "/home/gpietro/PhD/core-r/_build/test/ounit/oUnitChooser.annot"
"built_lib_ounit" "/home/gpietro/PhD/core-r/_build/test/ounit/oUnitLogger.cmi"
"built_lib_ounit" "/home/gpietro/PhD/core-r/_build/test/ounit/oUnitLogger.cmt"
"built_lib_ounit" "/home/gpietro/PhD/core-r/_build/test/ounit/oUnitLogger.annot"
"built_lib_ounit" "/home/gpietro/PhD/core-r/_build/test/ounit/oUnitUtils.cmi"
"built_lib_ounit" "/home/gpietro/PhD/core-r/_build/test/ounit/oUnitUtils.cmt"
"built_lib_ounit" "/home/gpietro/PhD/core-r/_build/test/ounit/oUnitUtils.annot"
"built_lib_ounit" "/home/gpietro/PhD/core-r/_build/test/ounit/oUnitTypes.cmi"
"built_lib_ounit" "/home/gpietro/PhD/core-r/_build/test/ounit/oUnitTypes.cmt"
"built_lib_ounit" "/home/gpietro/PhD/core-r/_build/test/ounit/oUnitTypes.annot"
"built_lib_ounit" "/home/gpietro/PhD/core-r/_build/test/ounit/oUnit.cmi"
"built_lib_ounit" "/home/gpietro/PhD/core-r/_build/test/ounit/oUnit.cmt"
"built_lib_ounit" "/home/gpietro/PhD/core-r/_build/test/ounit/oUnit.annot"
"built_lib_ounit" "/home/gpietro/PhD/core-r/_build/test/ounit/oUnitChooser.cmx"
"built_lib_ounit" "/home/gpietro/PhD/core-r/_build/test/ounit/oUnitLogger.cmx"
"built_lib_ounit" "/home/gpietro/PhD/core-r/_build/test/ounit/oUnitUtils.cmx"
"built_lib_ounit" "/home/gpietro/PhD/core-r/_build/test/ounit/oUnitTypes.cmx"
"built_lib_ounit" "/home/gpietro/PhD/core-r/_build/test/ounit/oUnit.cmx"
"is_built_exec_testytesty" "true"
"built_exec_testytesty" "/home/gpietro/PhD/core-r/_build/test/test.byte"
"is_built_lib_smt-parser" "true"
"built_lib_smt-parser" "/home/gpietro/PhD/core-r/_build/src/smt/parser/smt-parser.cma"
"built_lib_smt-parser" "/home/gpietro/PhD/core-r/_build/src/smt/parser/smt-parser.cmxa"
"built_lib_smt-parser" "/home/gpietro/PhD/core-r/_build/src/smt/parser/smt-parser.a"
"built_lib_smt-parser" "/home/gpietro/PhD/core-r/_build/src/smt/parser/smt-parser.cmxs"
"built_lib_smt-parser" "/home/gpietro/PhD/core-r/_build/src/smt/parser/smtsyntax.cmi"
"built_lib_smt-parser" "/home/gpietro/PhD/core-r/_build/src/smt/parser/smtsyntax.cmt"
"built_lib_smt-parser" "/home/gpietro/PhD/core-r/_build/src/smt/parser/smtsyntax.annot"
"built_lib_smt-parser" "/home/gpietro/PhD/core-r/_build/src/smt/parser/smtparser.cmi"
"built_lib_smt-parser" "/home/gpietro/PhD/core-r/_build/src/smt/parser/smtparser.cmti"
"built_lib_smt-parser" "/home/gpietro/PhD/core-r/_build/src/smt/parser/smtparser.cmt"
"built_lib_smt-parser" "/home/gpietro/PhD/core-r/_build/src/smt/parser/smtparser.annot"
"built_lib_smt-parser" "/home/gpietro/PhD/core-r/_build/src/smt/parser/smtsyntax.cmx"
"built_lib_smt-parser" "/home/gpietro/PhD/core-r/_build/src/smt/parser/smtparser.cmx"
"is_built_lib_smt" "true"
"built_lib_smt" "/home/gpietro/PhD/core-r/_build/src/smt/smt.cma"
"built_lib_smt" "/home/gpietro/PhD/core-r/_build/src/smt/smt.cmxa"
"built_lib_smt" "/home/gpietro/PhD/core-r/_build/src/smt/smt.a"
"built_lib_smt" "/home/gpietro/PhD/core-r/_build/src/smt/smt.cmxs"
"built_lib_smt" "/home/gpietro/PhD/core-r/_build/src/smt/ismt.cmi"
"built_lib_smt" "/home/gpietro/PhD/core-r/_build/src/smt/ismt.cmt"
"built_lib_smt" "/home/gpietro/PhD/core-r/_build/src/smt/ismt.annot"
"built_lib_smt" "/home/gpietro/PhD/core-r/_build/src/smt/smtutils.cmi"
"built_lib_smt" "/home/gpietro/PhD/core-r/_build/src/smt/smtutils.cmt"
"built_lib_smt" "/home/gpietro/PhD/core-r/_build/src/smt/smtutils.annot"
"built_lib_smt" "/home/gpietro/PhD/core-r/_build/src/smt/solver.cmi"
"built_lib_smt" "/home/gpietro/PhD/core-r/_build/src/smt/solver.cmt"
"built_lib_smt" "/home/gpietro/PhD/core-r/_build/src/smt/solver.annot"
"built_lib_smt" "/home/gpietro/PhD/core-r/_build/src/smt/smt2.cmi"
"built_lib_smt" "/home/gpietro/PhD/core-r/_build/src/smt/smt2.cmt"
"built_lib_smt" "/home/gpietro/PhD/core-r/_build/src/smt/smt2.annot"
"built_lib_smt" "/home/gpietro/PhD/core-r/_build/src/smt/ismt.cmx"
"built_lib_smt" "/home/gpietro/PhD/core-r/_build/src/smt/smtutils.cmx"
"built_lib_smt" "/home/gpietro/PhD/core-r/_build/src/smt/solver.cmx"
"built_lib_smt" "/home/gpietro/PhD/core-r/_build/src/smt/smt2.cmx"
"is_built_lib_parser" "true"
"built_lib_parser" "/home/gpietro/PhD/core-r/_build/src/parser/parser.cma"
"built_lib_parser" "/home/gpietro/PhD/core-r/_build/src/parser/parser.cmxa"
"built_lib_parser" "/home/gpietro/PhD/core-r/_build/src/parser/parser.a"
"built_lib_parser" "/home/gpietro/PhD/core-r/_build/src/parser/parser.cmxs"
"built_lib_parser" "/home/gpietro/PhD/core-r/_build/src/parser/rast.cmi"
"built_lib_parser" "/home/gpietro/PhD/core-r/_build/src/parser/rast.cmt"
"built_lib_parser" "/home/gpietro/PhD/core-r/_build/src/parser/rast.annot"
"built_lib_parser" "/home/gpietro/PhD/core-r/_build/src/parser/parser.cmi"
"built_lib_parser" "/home/gpietro/PhD/core-r/_build/src/parser/parser.cmti"
"built_lib_parser" "/home/gpietro/PhD/core-r/_build/src/parser/parser.cmt"
"built_lib_parser" "/home/gpietro/PhD/core-r/_build/src/parser/parser.annot"
"built_lib_parser" "/home/gpietro/PhD/core-r/_build/src/parser/rast.cmx"
"built_lib_parser" "/home/gpietro/PhD/core-r/_build/src/parser/parser.cmx"
"is_built_exec_absyn_generator" "true"
"built_exec_absyn_generator" "/home/gpietro/PhD/core-r/_build/src/parser/absyn_generator.byte"
"is_built_lib_language" "true"
"built_lib_language" "/home/gpietro/PhD/core-r/_build/src/language/language.cma"
"built_lib_language" "/home/gpietro/PhD/core-r/_build/src/language/language.cmxa"
"built_lib_language" "/home/gpietro/PhD/core-r/_build/src/language/language.a"
"built_lib_language" "/home/gpietro/PhD/core-r/_build/src/language/language.cmxs"
"built_lib_language" "/home/gpietro/PhD/core-r/_build/src/language/langutils.cmi"
"built_lib_language" "/home/gpietro/PhD/core-r/_build/src/language/langutils.cmt"
"built_lib_language" "/home/gpietro/PhD/core-r/_build/src/language/langutils.annot"
"built_lib_language" "/home/gpietro/PhD/core-r/_build/src/language/annotations.cmi"
"built_lib_language" "/home/gpietro/PhD/core-r/_build/src/language/annotations.cmt"
"built_lib_language" "/home/gpietro/PhD/core-r/_build/src/language/annotations.annot"
"built_lib_language" "/home/gpietro/PhD/core-r/_build/src/language/syntax.cmi"
"built_lib_language" "/home/gpietro/PhD/core-r/_build/src/language/syntax.cmt"
"built_lib_language" "/home/gpietro/PhD/core-r/_build/src/language/syntax.annot"
"built_lib_language" "/home/gpietro/PhD/core-r/_build/src/language/langutils.cmx"
"built_lib_language" "/home/gpietro/PhD/core-r/_build/src/language/annotations.cmx"
"built_lib_language" "/home/gpietro/PhD/core-r/_build/src/language/syntax.cmx"
"is_built_lib_interp-commons" "true"
"built_lib_interp-commons" "/home/gpietro/PhD/core-r/_build/src/interpreter/interp-commons/interp-commons.cma"
"built_lib_interp-commons" "/home/gpietro/PhD/core-r/_build/src/interpreter/interp-commons/interp-commons.cmxa"
"built_lib_interp-commons" "/home/gpietro/PhD/core-r/_build/src/interpreter/interp-commons/interp-commons.a"
"built_lib_interp-commons" "/home/gpietro/PhD/core-r/_build/src/interpreter/interp-commons/interp-commons.cmxs"
"built_lib_interp-commons" "/home/gpietro/PhD/core-r/_build/src/interpreter/interp-commons/interputils.cmi"
"built_lib_interp-commons" "/home/gpietro/PhD/core-r/_build/src/interpreter/interp-commons/interputils.cmt"
"built_lib_interp-commons" "/home/gpietro/PhD/core-r/_build/src/interpreter/interp-commons/interputils.annot"
"built_lib_interp-commons" "/home/gpietro/PhD/core-r/_build/src/interpreter/interp-commons/smttrans.cmi"
"built_lib_interp-commons" "/home/gpietro/PhD/core-r/_build/src/interpreter/interp-commons/smttrans.cmt"
"built_lib_interp-commons" "/home/gpietro/PhD/core-r/_build/src/interpreter/interp-commons/smttrans.annot"
"built_lib_interp-commons" "/home/gpietro/PhD/core-r/_build/src/interpreter/interp-commons/natives.cmi"
"built_lib_interp-commons" "/home/gpietro/PhD/core-r/_build/src/interpreter/interp-commons/natives.cmt"
"built_lib_interp-commons" "/home/gpietro/PhD/core-r/_build/src/interpreter/interp-commons/natives.annot"
"built_lib_interp-commons" "/home/gpietro/PhD/core-r/_build/src/interpreter/interp-commons/support.cmi"
"built_lib_interp-commons" "/home/gpietro/PhD/core-r/_build/src/interpreter/interp-commons/support.cmt"
"built_lib_interp-commons" "/home/gpietro/PhD/core-r/_build/src/interpreter/interp-commons/support.annot"
"built_lib_interp-commons" "/home/gpietro/PhD/core-r/_build/src/interpreter/interp-commons/rules.cmi"
"built_lib_interp-commons" "/home/gpietro/PhD/core-r/_build/src/interpreter/interp-commons/rules.cmt"
"built_lib_interp-commons" "/home/gpietro/PhD/core-r/_build/src/interpreter/interp-commons/rules.annot"
"built_lib_interp-commons" "/home/gpietro/PhD/core-r/_build/src/interpreter/interp-commons/interputils.cmx"
"built_lib_interp-commons" "/home/gpietro/PhD/core-r/_build/src/interpreter/interp-commons/smttrans.cmx"
"built_lib_interp-commons" "/home/gpietro/PhD/core-r/_build/src/interpreter/interp-commons/natives.cmx"
"built_lib_interp-commons" "/home/gpietro/PhD/core-r/_build/src/interpreter/interp-commons/support.cmx"
"built_lib_interp-commons" "/home/gpietro/PhD/core-r/_build/src/interpreter/interp-commons/rules.cmx"
"is_built_lib_natives" "true"
"built_lib_natives" "/home/gpietro/PhD/core-r/_build/src/interpreter/natives/natives.cma"
"built_lib_natives" "/home/gpietro/PhD/core-r/_build/src/interpreter/natives/natives.cmxa"
"built_lib_natives" "/home/gpietro/PhD/core-r/_build/src/interpreter/natives/natives.a"
"built_lib_natives" "/home/gpietro/PhD/core-r/_build/src/interpreter/natives/natives.cmxs"
"built_lib_natives" "/home/gpietro/PhD/core-r/_build/src/interpreter/natives/convert.cmi"
"built_lib_natives" "/home/gpietro/PhD/core-r/_build/src/interpreter/natives/convert.cmt"
"built_lib_natives" "/home/gpietro/PhD/core-r/_build/src/interpreter/natives/convert.annot"
"built_lib_natives" "/home/gpietro/PhD/core-r/_build/src/interpreter/natives/symbolic_ops.cmi"
"built_lib_natives" "/home/gpietro/PhD/core-r/_build/src/interpreter/natives/symbolic_ops.cmt"
"built_lib_natives" "/home/gpietro/PhD/core-r/_build/src/interpreter/natives/symbolic_ops.annot"
"built_lib_natives" "/home/gpietro/PhD/core-r/_build/src/interpreter/natives/arithmetic.cmi"
"built_lib_natives" "/home/gpietro/PhD/core-r/_build/src/interpreter/natives/arithmetic.cmt"
"built_lib_natives" "/home/gpietro/PhD/core-r/_build/src/interpreter/natives/arithmetic.annot"
"built_lib_natives" "/home/gpietro/PhD/core-r/_build/src/interpreter/natives/native_calls.cmi"
"built_lib_natives" "/home/gpietro/PhD/core-r/_build/src/interpreter/natives/native_calls.cmt"
"built_lib_natives" "/home/gpietro/PhD/core-r/_build/src/interpreter/natives/native_calls.annot"
"built_lib_natives" "/home/gpietro/PhD/core-r/_build/src/interpreter/natives/subscript.cmi"
"built_lib_natives" "/home/gpietro/PhD/core-r/_build/src/interpreter/natives/subscript.cmt"
"built_lib_natives" "/home/gpietro/PhD/core-r/_build/src/interpreter/natives/subscript.annot"
"built_lib_natives" "/home/gpietro/PhD/core-r/_build/src/interpreter/natives/native_support.cmi"
"built_lib_natives" "/home/gpietro/PhD/core-r/_build/src/interpreter/natives/native_support.cmt"
"built_lib_natives" "/home/gpietro/PhD/core-r/_build/src/interpreter/natives/native_support.annot"
"built_lib_natives" "/home/gpietro/PhD/core-r/_build/src/interpreter/natives/vector.cmi"
"built_lib_natives" "/home/gpietro/PhD/core-r/_build/src/interpreter/natives/vector.cmt"
"built_lib_natives" "/home/gpietro/PhD/core-r/_build/src/interpreter/natives/vector.annot"
"built_lib_natives" "/home/gpietro/PhD/core-r/_build/src/interpreter/natives/copy.cmi"
"built_lib_natives" "/home/gpietro/PhD/core-r/_build/src/interpreter/natives/copy.cmt"
"built_lib_natives" "/home/gpietro/PhD/core-r/_build/src/interpreter/natives/copy.annot"
"built_lib_natives" "/home/gpietro/PhD/core-r/_build/src/interpreter/natives/constants.cmi"
"built_lib_natives" "/home/gpietro/PhD/core-r/_build/src/interpreter/natives/constants.cmt"
"built_lib_natives" "/home/gpietro/PhD/core-r/_build/src/interpreter/natives/constants.annot"
"built_lib_natives" "/home/gpietro/PhD/core-r/_build/src/interpreter/natives/convert.cmx"
"built_lib_natives" "/home/gpietro/PhD/core-r/_build/src/interpreter/natives/symbolic_ops.cmx"
"built_lib_natives" "/home/gpietro/PhD/core-r/_build/src/interpreter/natives/arithmetic.cmx"
"built_lib_natives" "/home/gpietro/PhD/core-r/_build/src/interpreter/natives/native_calls.cmx"
"built_lib_natives" "/home/gpietro/PhD/core-r/_build/src/interpreter/natives/subscript.cmx"
"built_lib_natives" "/home/gpietro/PhD/core-r/_build/src/interpreter/natives/native_support.cmx"
"built_lib_natives" "/home/gpietro/PhD/core-r/_build/src/interpreter/natives/vector.cmx"
"built_lib_natives" "/home/gpietro/PhD/core-r/_build/src/interpreter/natives/copy.cmx"
"built_lib_natives" "/home/gpietro/PhD/core-r/_build/src/interpreter/natives/constants.cmx"
"is_built_lib_loader" "true"
"built_lib_loader" "/home/gpietro/PhD/core-r/_build/src/interpreter/preprocess/loader.cma"
"built_lib_loader" "/home/gpietro/PhD/core-r/_build/src/interpreter/preprocess/loader.cmxa"
"built_lib_loader" "/home/gpietro/PhD/core-r/_build/src/interpreter/preprocess/loader.a"
"built_lib_loader" "/home/gpietro/PhD/core-r/_build/src/interpreter/preprocess/loader.cmxs"
"built_lib_loader" "/home/gpietro/PhD/core-r/_build/src/interpreter/preprocess/rast_to_language.cmi"
"built_lib_loader" "/home/gpietro/PhD/core-r/_build/src/interpreter/preprocess/rast_to_language.cmt"
"built_lib_loader" "/home/gpietro/PhD/core-r/_build/src/interpreter/preprocess/rast_to_language.annot"
"built_lib_loader" "/home/gpietro/PhD/core-r/_build/src/interpreter/preprocess/loader.cmi"
"built_lib_loader" "/home/gpietro/PhD/core-r/_build/src/interpreter/preprocess/loader.cmt"
"built_lib_loader" "/home/gpietro/PhD/core-r/_build/src/interpreter/preprocess/loader.annot"
"built_lib_loader" "/home/gpietro/PhD/core-r/_build/src/interpreter/preprocess/rast_to_language.cmx"
"built_lib_loader" "/home/gpietro/PhD/core-r/_build/src/interpreter/preprocess/loader.cmx"
"is_built_lib_stepper" "true"
"built_lib_stepper" "/home/gpietro/PhD/core-r/_build/src/interpreter/stepper/stepper.cma"
"built_lib_stepper" "/home/gpietro/PhD/core-r/_build/src/interpreter/stepper/stepper.cmxa"
"built_lib_stepper" "/home/gpietro/PhD/core-r/_build/src/interpreter/stepper/stepper.a"
"built_lib_stepper" "/home/gpietro/PhD/core-r/_build/src/interpreter/stepper/stepper.cmxs"
"built_lib_stepper" "/home/gpietro/PhD/core-r/_build/src/interpreter/stepper/stepper.cmi"
"built_lib_stepper" "/home/gpietro/PhD/core-r/_build/src/interpreter/stepper/stepper.cmt"
"built_lib_stepper" "/home/gpietro/PhD/core-r/_build/src/interpreter/stepper/stepper.annot"
"built_lib_stepper" "/home/gpietro/PhD/core-r/_build/src/interpreter/stepper/stepper.cmx"
"is_built_lib_interpreter" "true"
"built_lib_interpreter" "/home/gpietro/PhD/core-r/_build/src/interpreter/interpreter.cma"
"built_lib_interpreter" "/home/gpietro/PhD/core-r/_build/src/interpreter/interpreter.cmxa"
"built_lib_interpreter" "/home/gpietro/PhD/core-r/_build/src/interpreter/interpreter.a"
"built_lib_interpreter" "/home/gpietro/PhD/core-r/_build/src/interpreter/interpreter.cmxs"
"built_lib_interpreter" "/home/gpietro/PhD/core-r/_build/src/interpreter/engine.cmi"
"built_lib_interpreter" "/home/gpietro/PhD/core-r/_build/src/interpreter/engine.cmt"
"built_lib_interpreter" "/home/gpietro/PhD/core-r/_build/src/interpreter/engine.annot"
"built_lib_interpreter" "/home/gpietro/PhD/core-r/_build/src/interpreter/engine.cmx"
"is_built_exec_main" "true"
"built_exec_main" "/home/gpietro/PhD/core-r/_build/src/main.byte"
"is_built_lib_ounit" "true"
"built_lib_ounit" "/home/gpietro/PhD/core-r/_build/test/ounit/ounit.cma"
"built_lib_ounit" "/home/gpietro/PhD/core-r/_build/test/ounit/ounit.cmxa"
"built_lib_ounit" "/home/gpietro/PhD/core-r/_build/test/ounit/ounit.a"
"built_lib_ounit" "/home/gpietro/PhD/core-r/_build/test/ounit/ounit.cmxs"
"built_lib_ounit" "/home/gpietro/PhD/core-r/_build/test/ounit/oUnitChooser.cmi"
"built_lib_ounit" "/home/gpietro/PhD/core-r/_build/test/ounit/oUnitChooser.cmt"
"built_lib_ounit" "/home/gpietro/PhD/core-r/_build/test/ounit/oUnitChooser.annot"
"built_lib_ounit" "/home/gpietro/PhD/core-r/_build/test/ounit/oUnitLogger.cmi"
"built_lib_ounit" "/home/gpietro/PhD/core-r/_build/test/ounit/oUnitLogger.cmt"
"built_lib_ounit" "/home/gpietro/PhD/core-r/_build/test/ounit/oUnitLogger.annot"
"built_lib_ounit" "/home/gpietro/PhD/core-r/_build/test/ounit/oUnitUtils.cmi"
"built_lib_ounit" "/home/gpietro/PhD/core-r/_build/test/ounit/oUnitUtils.cmt"
"built_lib_ounit" "/home/gpietro/PhD/core-r/_build/test/ounit/oUnitUtils.annot"
"built_lib_ounit" "/home/gpietro/PhD/core-r/_build/test/ounit/oUnitTypes.cmi"
"built_lib_ounit" "/home/gpietro/PhD/core-r/_build/test/ounit/oUnitTypes.cmt"
"built_lib_ounit" "/home/gpietro/PhD/core-r/_build/test/ounit/oUnitTypes.annot"
"built_lib_ounit" "/home/gpietro/PhD/core-r/_build/test/ounit/oUnit.cmi"
"built_lib_ounit" "/home/gpietro/PhD/core-r/_build/test/ounit/oUnit.cmt"
"built_lib_ounit" "/home/gpietro/PhD/core-r/_build/test/ounit/oUnit.annot"
"built_lib_ounit" "/home/gpietro/PhD/core-r/_build/test/ounit/oUnitChooser.cmx"
"built_lib_ounit" "/home/gpietro/PhD/core-r/_build/test/ounit/oUnitLogger.cmx"
"built_lib_ounit" "/home/gpietro/PhD/core-r/_build/test/ounit/oUnitUtils.cmx"
"built_lib_ounit" "/home/gpietro/PhD/core-r/_build/test/ounit/oUnitTypes.cmx"
"built_lib_ounit" "/home/gpietro/PhD/core-r/_build/test/ounit/oUnit.cmx"
"is_built_exec_testytesty" "true"
"built_exec_testytesty" "/home/gpietro/PhD/core-r/_build/test/test.byte"
